<?xml version="1.0" encoding="UTF-8"?>
<testng-results ignored="0" total="1" passed="1" failed="0" skipped="0">
  <reporter-output>
  </reporter-output>
  <suite started-at="2026-01-13T18:44:06 IST" name="Master Suite" finished-at="2026-01-13T18:44:29 IST" duration-ms="23430">
    <groups>
    </groups>
    <test started-at="2026-01-13T18:44:06 IST" name="Test" finished-at="2026-01-13T18:44:29 IST" duration-ms="23430">
      <class name="testCases.Test04_Profile">
        <test-method is-config="true" signature="setup(java.lang.String,java.lang.String)[pri:0, instance:testCases.Test04_Profile@4758820d]" started-at="2026-01-13T18:44:06 IST" name="setup" finished-at="2026-01-13T18:44:08 IST" duration-ms="1825" status="PASS">
          <params>
            <param index="0">
              <value>
                <![CDATA[windows]]>
              </value>
            </param>
            <param index="1">
              <value>
                <![CDATA[chrome]]>
              </value>
            </param>
          </params>
          <reporter-output>
          </reporter-output>
        </test-method> <!-- setup -->
        <test-method signature="Test_Profile()[pri:0, instance:testCases.Test04_Profile@4758820d]" started-at="2026-01-13T18:44:08 IST" name="Test_Profile" finished-at="2026-01-13T18:44:29 IST" duration-ms="21429" status="PASS">
          <reporter-output>
          </reporter-output>
        </test-method> <!-- Test_Profile -->
      </class> <!-- testCases.Test04_Profile -->
    </test> <!-- Test -->
  </suite> <!-- Master Suite -->
</testng-results>
