<?xml version="1.0" encoding="UTF-8"?>
<!-- Generated by org.testng.reporters.JUnitXMLReporter -->
<testsuite ignored="0" hostname="DESKTOP-UIEHH4T" failures="0" tests="1" name="Test" time="0.041" errors="0" timestamp="2026-01-02T13:00:25 IST">
  <testcase classname="testBase.BaseClass" name="@BeforeClass setup" time="-1.767339025066E9">
    <failure type="org.testng.TestNGException" message="
Parameter &amp;apos;os&amp;apos; is required by BeforeClass on method setup but has not been marked @Optional or defined
in C:\Users\CHEENTA\eclipse-workspace\Test-FilixPanini8Teacher\master.xml">
      <![CDATA[org.testng.TestNGException: 
Parameter 'os' is required by BeforeClass on method setup but has not been marked @Optional or defined
in C:\Users\CHEENTA\eclipse-workspace\Test-FilixPanini8Teacher\master.xml
at java.base/java.util.ArrayList.forEach(ArrayList.java:1596)
... Removed 22 stack frames]]>
    </failure>
  </testcase> <!-- @BeforeClass setup -->
  <testcase classname="testCases.Test01_Cohorts" name="Test_Cohorts" time="0.0">
    <skipped/>
  </testcase> <!-- Test_Cohorts -->
</testsuite> <!-- Test -->
