<?xml version="1.0" encoding="UTF-8"?>
<!-- Generated by org.testng.reporters.JUnitXMLReporter -->
<testsuite ignored="0" hostname="DESKTOP-UIEHH4T" failures="0" tests="6" name="Test" time="104.065" errors="0" timestamp="2025-12-24T16:34:56 IST">
  <testcase classname="testCases.Test01_Login" name="Test_Login" time="6.252"/>
  <testcase classname="testCases.Test02_CreateAccount" name="Test_CreateAccount" time="25.254"/>
  <testcase classname="testCases.Test03_Tours" name="Test_Tours" time="29.259"/>
  <testcase classname="testCases.Test04_Activities" name="Test_Activity" time="10.335"/>
  <testcase classname="testCases.Test05_Peoples" name="Test_Peoples" time="8.221"/>
  <testcase classname="testCases.Test06_Stories" name="Test_stories" time="16.577"/>
</testsuite> <!-- Test -->
