<?xml version="1.0" encoding="UTF-8"?>
<testng-results ignored="0" total="1" passed="1" failed="0" skipped="0">
  <reporter-output>
  </reporter-output>
  <suite started-at="2025-12-23T11:57:10 IST" name="Suite" finished-at="2025-12-23T11:57:34 IST" duration-ms="23849">
    <groups>
    </groups>
    <test started-at="2025-12-23T11:57:10 IST" name="Test" finished-at="2025-12-23T11:57:34 IST" duration-ms="23849">
      <class name="testCases.TC_001_Login">
        <test-method is-config="true" signature="setup(java.lang.String,java.lang.String)[pri:0, instance:testCases.TC_001_Login@4879dfad]" started-at="2025-12-23T11:57:10 IST" name="setup" finished-at="2025-12-23T11:57:13 IST" duration-ms="2610" status="PASS">
          <params>
            <param index="0">
              <value>
                <![CDATA[windows]]>
              </value>
            </param>
            <param index="1">
              <value>
                <![CDATA[chrome]]>
              </value>
            </param>
          </params>
          <reporter-output>
          </reporter-output>
        </test-method> <!-- setup -->
        <test-method signature="Test_Login()[pri:0, instance:testCases.TC_001_Login@4879dfad]" started-at="2025-12-23T11:57:13 IST" name="Test_Login" finished-at="2025-12-23T11:57:34 IST" duration-ms="21210" status="PASS">
          <reporter-output>
          </reporter-output>
        </test-method> <!-- Test_Login -->
      </class> <!-- testCases.TC_001_Login -->
    </test> <!-- Test -->
  </suite> <!-- Suite -->
</testng-results>
