<?xml version="1.0" encoding="UTF-8"?>
<testng-results ignored="0" total="1" passed="1" failed="0" skipped="0">
  <reporter-output>
  </reporter-output>
  <suite started-at="2026-01-19T15:58:01 IST" name="Suite" finished-at="2026-01-19T15:58:52 IST" duration-ms="50860">
    <groups>
    </groups>
    <test started-at="2026-01-19T15:58:01 IST" name="Test" finished-at="2026-01-19T15:58:52 IST" duration-ms="50860">
      <class name="testCases.Test02_Creator">
        <test-method is-config="true" signature="setup(java.lang.String,java.lang.String)[pri:0, instance:testCases.Test02_Creator@4879dfad]" started-at="2026-01-19T15:58:01 IST" name="setup" finished-at="2026-01-19T15:58:04 IST" duration-ms="2766" status="PASS">
          <params>
            <param index="0">
              <value>
                <![CDATA[windows]]>
              </value>
            </param>
            <param index="1">
              <value>
                <![CDATA[chrome]]>
              </value>
            </param>
          </params>
          <reporter-output>
          </reporter-output>
        </test-method> <!-- setup -->
        <test-method signature="Test_Creator()[pri:0, instance:testCases.Test02_Creator@4879dfad]" started-at="2026-01-19T15:58:04 IST" name="Test_Creator" finished-at="2026-01-19T15:58:52 IST" duration-ms="48068" status="PASS">
          <reporter-output>
          </reporter-output>
        </test-method> <!-- Test_Creator -->
      </class> <!-- testCases.Test02_Creator -->
    </test> <!-- Test -->
  </suite> <!-- Suite -->
</testng-results>
