<?xml version="1.0" encoding="UTF-8"?>
<testng-results ignored="0" total="6" passed="6" failed="0" skipped="0">
  <reporter-output>
  </reporter-output>
  <suite started-at="2025-12-26T10:37:27 IST" name="Master Suite" finished-at="2025-12-26T10:39:50 IST" duration-ms="143192">
    <groups>
    </groups>
    <test started-at="2025-12-26T10:37:27 IST" name="Test" finished-at="2025-12-26T10:39:50 IST" duration-ms="143192">
      <class name="testCases.Test02_CreateAccount">
        <test-method is-config="true" signature="setup(java.lang.String,java.lang.String)[pri:0, instance:testCases.Test02_CreateAccount@1e636ea3]" started-at="2025-12-26T10:37:41 IST" name="setup" finished-at="2025-12-26T10:37:42 IST" duration-ms="1128" status="PASS">
          <params>
            <param index="0">
              <value>
                <![CDATA[windows]]>
              </value>
            </param>
            <param index="1">
              <value>
                <![CDATA[chrome]]>
              </value>
            </param>
          </params>
          <reporter-output>
          </reporter-output>
        </test-method> <!-- setup -->
        <test-method signature="Test_CreateAccount()[pri:0, instance:testCases.Test02_CreateAccount@1e636ea3]" started-at="2025-12-26T10:37:42 IST" name="Test_CreateAccount" finished-at="2025-12-26T10:38:07 IST" duration-ms="25205" status="PASS">
          <reporter-output>
          </reporter-output>
        </test-method> <!-- Test_CreateAccount -->
        <test-method is-config="true" signature="tearDown()[pri:0, instance:testCases.Test02_CreateAccount@1e636ea3]" started-at="2025-12-26T10:38:07 IST" name="tearDown" finished-at="2025-12-26T10:38:13 IST" duration-ms="5128" status="PASS">
          <reporter-output>
          </reporter-output>
        </test-method> <!-- tearDown -->
      </class> <!-- testCases.Test02_CreateAccount -->
      <class name="testCases.Test04_Activities">
        <test-method is-config="true" signature="setup(java.lang.String,java.lang.String)[pri:0, instance:testCases.Test04_Activities@736caf7a]" started-at="2025-12-26T10:38:56 IST" name="setup" finished-at="2025-12-26T10:38:57 IST" duration-ms="1290" status="PASS">
          <params>
            <param index="0">
              <value>
                <![CDATA[windows]]>
              </value>
            </param>
            <param index="1">
              <value>
                <![CDATA[chrome]]>
              </value>
            </param>
          </params>
          <reporter-output>
          </reporter-output>
        </test-method> <!-- setup -->
        <test-method signature="Test_Activity()[pri:0, instance:testCases.Test04_Activities@736caf7a]" started-at="2025-12-26T10:38:57 IST" name="Test_Activity" finished-at="2025-12-26T10:39:08 IST" duration-ms="10371" status="PASS">
          <reporter-output>
          </reporter-output>
        </test-method> <!-- Test_Activity -->
        <test-method is-config="true" signature="tearDown()[pri:0, instance:testCases.Test04_Activities@736caf7a]" started-at="2025-12-26T10:39:08 IST" name="tearDown" finished-at="2025-12-26T10:39:13 IST" duration-ms="5156" status="PASS">
          <reporter-output>
          </reporter-output>
        </test-method> <!-- tearDown -->
      </class> <!-- testCases.Test04_Activities -->
      <class name="testCases.Test03_Tours">
        <test-method is-config="true" signature="setup(java.lang.String,java.lang.String)[pri:0, instance:testCases.Test03_Tours@115667d]" started-at="2025-12-26T10:38:13 IST" name="setup" finished-at="2025-12-26T10:38:14 IST" duration-ms="1127" status="PASS">
          <params>
            <param index="0">
              <value>
                <![CDATA[windows]]>
              </value>
            </param>
            <param index="1">
              <value>
                <![CDATA[chrome]]>
              </value>
            </param>
          </params>
          <reporter-output>
          </reporter-output>
        </test-method> <!-- setup -->
        <test-method signature="Test_Tours()[pri:0, instance:testCases.Test03_Tours@115667d]" started-at="2025-12-26T10:38:14 IST" name="Test_Tours" finished-at="2025-12-26T10:38:51 IST" duration-ms="37096" status="PASS">
          <reporter-output>
          </reporter-output>
        </test-method> <!-- Test_Tours -->
        <test-method is-config="true" signature="tearDown()[pri:0, instance:testCases.Test03_Tours@115667d]" started-at="2025-12-26T10:38:51 IST" name="tearDown" finished-at="2025-12-26T10:38:56 IST" duration-ms="5129" status="PASS">
          <reporter-output>
          </reporter-output>
        </test-method> <!-- tearDown -->
      </class> <!-- testCases.Test03_Tours -->
      <class name="testCases.Test05_Peoples">
        <test-method is-config="true" signature="setup(java.lang.String,java.lang.String)[pri:0, instance:testCases.Test05_Peoples@4ce7fffa]" started-at="2025-12-26T10:39:13 IST" name="setup" finished-at="2025-12-26T10:39:14 IST" duration-ms="1142" status="PASS">
          <params>
            <param index="0">
              <value>
                <![CDATA[windows]]>
              </value>
            </param>
            <param index="1">
              <value>
                <![CDATA[chrome]]>
              </value>
            </param>
          </params>
          <reporter-output>
          </reporter-output>
        </test-method> <!-- setup -->
        <test-method signature="Test_Peoples()[pri:0, instance:testCases.Test05_Peoples@4ce7fffa]" started-at="2025-12-26T10:39:14 IST" name="Test_Peoples" finished-at="2025-12-26T10:39:22 IST" duration-ms="8238" status="PASS">
          <reporter-output>
          </reporter-output>
        </test-method> <!-- Test_Peoples -->
        <test-method is-config="true" signature="tearDown()[pri:0, instance:testCases.Test05_Peoples@4ce7fffa]" started-at="2025-12-26T10:39:22 IST" name="tearDown" finished-at="2025-12-26T10:39:27 IST" duration-ms="5138" status="PASS">
          <reporter-output>
          </reporter-output>
        </test-method> <!-- tearDown -->
      </class> <!-- testCases.Test05_Peoples -->
      <class name="testCases.Test01_Login">
        <test-method is-config="true" signature="setup(java.lang.String,java.lang.String)[pri:0, instance:testCases.Test01_Login@130dca52]" started-at="2025-12-26T10:37:27 IST" name="setup" finished-at="2025-12-26T10:37:30 IST" duration-ms="2566" status="PASS">
          <params>
            <param index="0">
              <value>
                <![CDATA[windows]]>
              </value>
            </param>
            <param index="1">
              <value>
                <![CDATA[chrome]]>
              </value>
            </param>
          </params>
          <reporter-output>
          </reporter-output>
        </test-method> <!-- setup -->
        <test-method signature="Test_Login()[pri:0, instance:testCases.Test01_Login@130dca52]" started-at="2025-12-26T10:37:30 IST" name="Test_Login" finished-at="2025-12-26T10:37:36 IST" duration-ms="6280" status="PASS">
          <reporter-output>
          </reporter-output>
        </test-method> <!-- Test_Login -->
        <test-method is-config="true" signature="tearDown()[pri:0, instance:testCases.Test01_Login@130dca52]" started-at="2025-12-26T10:37:36 IST" name="tearDown" finished-at="2025-12-26T10:37:41 IST" duration-ms="5125" status="PASS">
          <reporter-output>
          </reporter-output>
        </test-method> <!-- tearDown -->
      </class> <!-- testCases.Test01_Login -->
      <class name="testCases.Test06_Stories">
        <test-method is-config="true" signature="setup(java.lang.String,java.lang.String)[pri:0, instance:testCases.Test06_Stories@497486b3]" started-at="2025-12-26T10:39:27 IST" name="setup" finished-at="2025-12-26T10:39:28 IST" duration-ms="1192" status="PASS">
          <params>
            <param index="0">
              <value>
                <![CDATA[windows]]>
              </value>
            </param>
            <param index="1">
              <value>
                <![CDATA[chrome]]>
              </value>
            </param>
          </params>
          <reporter-output>
          </reporter-output>
        </test-method> <!-- setup -->
        <test-method signature="Test_stories()[pri:0, instance:testCases.Test06_Stories@497486b3]" started-at="2025-12-26T10:39:28 IST" name="Test_stories" finished-at="2025-12-26T10:39:45 IST" duration-ms="16539" status="PASS">
          <reporter-output>
          </reporter-output>
        </test-method> <!-- Test_stories -->
        <test-method is-config="true" signature="tearDown()[pri:0, instance:testCases.Test06_Stories@497486b3]" started-at="2025-12-26T10:39:45 IST" name="tearDown" finished-at="2025-12-26T10:39:50 IST" duration-ms="5112" status="PASS">
          <reporter-output>
          </reporter-output>
        </test-method> <!-- tearDown -->
      </class> <!-- testCases.Test06_Stories -->
    </test> <!-- Test -->
  </suite> <!-- Master Suite -->
</testng-results>
