<?xml version="1.0" encoding="UTF-8"?>
<!-- Generated by org.testng.reporters.JUnitXMLReporter -->
<testsuite ignored="0" hostname="DESKTOP-UIEHH4T" failures="0" tests="6" name="Test" time="143.192" errors="0" timestamp="2025-12-26T10:39:51 IST">
  <testcase classname="testCases.Test01_Login" name="Test_Login" time="6.28"/>
  <testcase classname="testCases.Test02_CreateAccount" name="Test_CreateAccount" time="25.205"/>
  <testcase classname="testCases.Test03_Tours" name="Test_Tours" time="37.096"/>
  <testcase classname="testCases.Test04_Activities" name="Test_Activity" time="10.371"/>
  <testcase classname="testCases.Test05_Peoples" name="Test_Peoples" time="8.238"/>
  <testcase classname="testCases.Test06_Stories" name="Test_stories" time="16.539"/>
</testsuite> <!-- Test -->
